This file contains any messages produced by compilers while
running configure, to aid debugging if configure makes a mistake.

It was created by libtpl configure 1.4, which was
generated by GNU Autoconf 2.63.  Invocation command line was

  $ ./configure 

## --------- ##
## Platform. ##
## --------- ##

hostname = plukevdh-air.local
uname -m = x86_64
uname -r = 11.3.0
uname -s = Darwin
uname -v = Darwin Kernel Version 11.3.0: Thu Jan 12 18:47:41 PST 2012; root:xnu-1699.24.23~1/RELEASE_X86_64

/usr/bin/uname -p = i386
/bin/uname -X     = unknown

/bin/arch              = unknown
/usr/bin/arch -k       = unknown
/usr/convex/getsysinfo = unknown
/usr/bin/hostinfo      = Mach kernel version:
	 Darwin Kernel Version 11.3.0: Thu Jan 12 18:47:41 PST 2012; root:xnu-1699.24.23~1/RELEASE_X86_64
Kernel configured for up to 2 processors.
2 processors are physically available.
2 processors are logically available.
Processor type: i486 (Intel 80486)
Processors active: 0 1
Primary memory available: 4.00 gigabytes
Default processor set: 136 tasks, 760 threads, 2 processors
Load average: 0.51, Mach factor: 1.49
/bin/machine           = unknown
/usr/bin/oslevel       = unknown
/bin/universe          = unknown

PATH: /Users/hungerandthirst/.rvm/gems/ruby-1.9.3-p125/bin
PATH: /Users/hungerandthirst/.rvm/gems/ruby-1.9.3-p125@global/bin
PATH: /Users/hungerandthirst/.rvm/rubies/ruby-1.9.3-p125/bin
PATH: /Users/hungerandthirst/.rvm/bin
PATH: /Users/hungerandthirst/.nvm/v0.6.11/bin
PATH: ~/.rvm/bin
PATH: /usr/local/bin
PATH: /usr/local/sbin/
PATH: /bin
PATH: /sbin
PATH: /usr/bin
PATH: /usr/sbin
PATH: /usr/local/share/npm/bin
PATH: /usr/bin
PATH: /bin
PATH: /usr/sbin
PATH: /sbin


## ----------- ##
## Core tests. ##
## ----------- ##

configure:2069: checking for a BSD-compatible install
configure:2137: result: /usr/bin/install -c
configure:2148: checking whether build environment is sane
configure:2191: result: yes
configure:2216: checking for a thread-safe mkdir -p
configure:2255: result: config/install-sh -c -d
configure:2268: checking for gawk
configure:2298: result: no
configure:2268: checking for mawk
configure:2298: result: no
configure:2268: checking for nawk
configure:2298: result: no
configure:2268: checking for awk
configure:2284: found /usr/bin/awk
configure:2295: result: awk
configure:2306: checking whether make sets $(MAKE)
configure:2328: result: yes
configure:2560: checking for gcc
configure:2576: found /usr/bin/gcc
configure:2587: result: gcc
configure:2819: checking for C compiler version
configure:2827: gcc --version >&5
i686-apple-darwin11-llvm-gcc-4.2 (GCC) 4.2.1 (Based on Apple Inc. build 5658) (LLVM build 2336.9.00)
Copyright (C) 2007 Free Software Foundation, Inc.
This is free software; see the source for copying conditions.  There is NO
warranty; not even for MERCHANTABILITY or FITNESS FOR A PARTICULAR PURPOSE.

configure:2831: $? = 0
configure:2838: gcc -v >&5
Using built-in specs.
Target: i686-apple-darwin11
Configured with: /private/var/tmp/llvmgcc42/llvmgcc42-2336.9~22/src/configure --disable-checking --enable-werror --prefix=/Applications/Xcode.app/Contents/Developer/usr/llvm-gcc-4.2 --mandir=/share/man --enable-languages=c,objc,c++,obj-c++ --program-prefix=llvm- --program-transform-name=/^[cg][^.-]*$/s/$/-4.2/ --with-slibdir=/usr/lib --build=i686-apple-darwin11 --enable-llvm=/private/var/tmp/llvmgcc42/llvmgcc42-2336.9~22/dst-llvmCore/Developer/usr/local --program-prefix=i686-apple-darwin11- --host=x86_64-apple-darwin11 --target=i686-apple-darwin11 --with-gxx-include-dir=/usr/include/c++/4.2.1
Thread model: posix
gcc version 4.2.1 (Based on Apple Inc. build 5658) (LLVM build 2336.9.00)
configure:2842: $? = 0
configure:2849: gcc -V >&5
llvm-gcc-4.2: argument to `-V' is missing
configure:2853: $? = 1
configure:2876: checking for C compiler default output file name
configure:2898: gcc    conftest.c  >&5
configure:2902: $? = 0
configure:2940: result: a.out
configure:2959: checking whether the C compiler works
configure:2969: ./a.out
configure:2973: $? = 0
configure:2992: result: yes
configure:2999: checking whether we are cross compiling
configure:3001: result: no
configure:3004: checking for suffix of executables
configure:3011: gcc -o conftest    conftest.c  >&5
configure:3015: $? = 0
configure:3041: result: 
configure:3047: checking for suffix of object files
configure:3073: gcc -c   conftest.c >&5
configure:3077: $? = 0
configure:3102: result: o
configure:3106: checking whether we are using the GNU C compiler
configure:3135: gcc -c   conftest.c >&5
configure:3142: $? = 0
configure:3159: result: yes
configure:3168: checking whether gcc accepts -g
configure:3198: gcc -c -g  conftest.c >&5
configure:3205: $? = 0
configure:3306: result: yes
configure:3323: checking for gcc option to accept ISO C89
configure:3397: gcc  -c -g -O2  conftest.c >&5
configure:3404: $? = 0
configure:3427: result: none needed
configure:3456: checking for style of include used by make
configure:3484: result: GNU
configure:3509: checking dependency style of gcc
configure:3600: result: gcc3
configure:3650: checking build system type
configure:3668: result: i386-apple-darwin11.3.0
configure:3690: checking host system type
configure:3705: result: i386-apple-darwin11.3.0
configure:3727: checking for a sed that does not truncate output
configure:3793: result: /usr/bin/sed
configure:3811: checking for grep that handles long lines and -e
configure:3871: result: /usr/bin/grep
configure:3876: checking for egrep
configure:3940: result: /usr/bin/grep -E
configure:3945: checking for fgrep
configure:4009: result: /usr/bin/grep -F
configure:4044: checking for ld used by gcc
configure:4111: result: /usr/llvm-gcc-4.2/libexec/gcc/i686-apple-darwin11/4.2.1/ld
configure:4120: checking if the linker (/usr/llvm-gcc-4.2/libexec/gcc/i686-apple-darwin11/4.2.1/ld) is GNU ld
configure:4135: result: no
configure:4147: checking for BSD- or MS-compatible name lister (nm)
configure:4196: result: /usr/bin/nm
configure:4314: checking the name lister (/usr/bin/nm) interface
configure:4321: gcc -c -g -O2  conftest.c >&5
configure:4324: /usr/bin/nm "conftest.o"
configure:4327: output
00000000000001e4 S _some_variable
configure:4334: result: BSD nm
configure:4337: checking whether ln -s works
configure:4341: result: yes
configure:4349: checking the maximum length of command line arguments
configure:4469: result: 196608
configure:4486: checking whether the shell understands some XSI constructs
configure:4496: result: yes
configure:4500: checking whether the shell understands "+="
configure:4506: result: yes
configure:4541: checking for /usr/llvm-gcc-4.2/libexec/gcc/i686-apple-darwin11/4.2.1/ld option to reload object files
configure:4548: result: -r
configure:4617: checking for objdump
configure:4647: result: no
configure:4676: checking how to recognize dependent libraries
configure:4872: result: pass_all
configure:4932: checking for ar
configure:4948: found /usr/bin/ar
configure:4959: result: ar
configure:5037: checking for strip
configure:5053: found /usr/bin/strip
configure:5064: result: strip
configure:5136: checking for ranlib
configure:5152: found /usr/bin/ranlib
configure:5163: result: ranlib
configure:5253: checking command to parse /usr/bin/nm output from gcc object
configure:5371: gcc -c -g -O2  conftest.c >&5
configure:5374: $? = 0
configure:5378: /usr/bin/nm conftest.o \| sed -n -e 's/^.*[	 ]\([BCDEGRST][BCDEGRST]*\)[	 ][	 ]*\([_A-Za-z][_A-Za-z0-9]*\)$/\1 \2 \2/p' \> conftest.nm
configure:5381: $? = 0
cannot find nm_test_var in conftest.nm
configure:5371: gcc -c -g -O2  conftest.c >&5
configure:5374: $? = 0
configure:5378: /usr/bin/nm conftest.o \| sed -n -e 's/^.*[	 ]\([BCDEGRST][BCDEGRST]*\)[	 ][	 ]*_\([_A-Za-z][_A-Za-z0-9]*\)$/\1 _\2 \2/p' \> conftest.nm
configure:5381: $? = 0
configure:5435: gcc -o conftest -g -O2   conftest.c conftstm.o >&5
configure:5438: $? = 0
configure:5476: result: ok
configure:5770: checking for dsymutil
configure:5786: found /usr/bin/dsymutil
configure:5797: result: dsymutil
configure:5862: checking for nmedit
configure:5878: found /usr/bin/nmedit
configure:5889: result: nmedit
configure:5954: checking for lipo
configure:5970: found /usr/bin/lipo
configure:5981: result: lipo
configure:6046: checking for otool
configure:6062: found /usr/bin/otool
configure:6073: result: otool
configure:6138: checking for otool64
configure:6168: result: no
configure:6213: checking for -single_module linker flag
gcc -g -O2  -o libconftest.dylib -dynamiclib -Wl,-single_module conftest.c
configure:6240: result: yes
configure:6242: checking for -exported_symbols_list linker flag
configure:6272: gcc -o conftest -g -O2   -Wl,-exported_symbols_list,conftest.sym conftest.c  >&5
configure:6279: $? = 0
configure:6301: result: yes
configure:6343: checking how to run the C preprocessor
configure:6383: gcc -E  conftest.c
configure:6390: $? = 0
configure:6421: gcc -E  conftest.c
conftest.c:10:28: error: ac_nonexistent.h: No such file or directory
configure:6428: $? = 1
configure: failed program was:
| /* confdefs.h.  */
| #define PACKAGE_NAME "libtpl"
| #define PACKAGE_TARNAME "libtpl"
| #define PACKAGE_VERSION "1.4"
| #define PACKAGE_STRING "libtpl 1.4"
| #define PACKAGE_BUGREPORT "thanson@users.sourceforge.net"
| #define PACKAGE "libtpl"
| #define VERSION "1.4"
| /* end confdefs.h.  */
| #include <ac_nonexistent.h>
configure:6461: result: gcc -E
configure:6490: gcc -E  conftest.c
configure:6497: $? = 0
configure:6528: gcc -E  conftest.c
conftest.c:10:28: error: ac_nonexistent.h: No such file or directory
configure:6535: $? = 1
configure: failed program was:
| /* confdefs.h.  */
| #define PACKAGE_NAME "libtpl"
| #define PACKAGE_TARNAME "libtpl"
| #define PACKAGE_VERSION "1.4"
| #define PACKAGE_STRING "libtpl 1.4"
| #define PACKAGE_BUGREPORT "thanson@users.sourceforge.net"
| #define PACKAGE "libtpl"
| #define VERSION "1.4"
| /* end confdefs.h.  */
| #include <ac_nonexistent.h>
configure:6575: checking for ANSI C header files
configure:6605: gcc -c -g -O2  conftest.c >&5
configure:6612: $? = 0
configure:6711: gcc -o conftest -g -O2   conftest.c  >&5
configure:6715: $? = 0
configure:6721: ./conftest
configure:6725: $? = 0
configure:6743: result: yes
configure:6767: checking for sys/types.h
configure:6788: gcc -c -g -O2  conftest.c >&5
configure:6795: $? = 0
configure:6812: result: yes
configure:6767: checking for sys/stat.h
configure:6788: gcc -c -g -O2  conftest.c >&5
configure:6795: $? = 0
configure:6812: result: yes
configure:6767: checking for stdlib.h
configure:6788: gcc -c -g -O2  conftest.c >&5
configure:6795: $? = 0
configure:6812: result: yes
configure:6767: checking for string.h
configure:6788: gcc -c -g -O2  conftest.c >&5
configure:6795: $? = 0
configure:6812: result: yes
configure:6767: checking for memory.h
configure:6788: gcc -c -g -O2  conftest.c >&5
configure:6795: $? = 0
configure:6812: result: yes
configure:6767: checking for strings.h
configure:6788: gcc -c -g -O2  conftest.c >&5
configure:6795: $? = 0
configure:6812: result: yes
configure:6767: checking for inttypes.h
configure:6788: gcc -c -g -O2  conftest.c >&5
configure:6795: $? = 0
configure:6812: result: yes
configure:6767: checking for stdint.h
configure:6788: gcc -c -g -O2  conftest.c >&5
configure:6795: $? = 0
configure:6812: result: yes
configure:6767: checking for unistd.h
configure:6788: gcc -c -g -O2  conftest.c >&5
configure:6795: $? = 0
configure:6812: result: yes
configure:6830: checking for dlfcn.h
configure:6851: gcc -c -g -O2  conftest.c >&5
configure:6858: $? = 0
configure:6875: result: yes
configure:7061: checking for objdir
configure:7076: result: .libs
configure:7368: checking if gcc supports -fno-rtti -fno-exceptions
configure:7386: gcc -c -g -O2  -fno-rtti -fno-exceptions conftest.c >&5
cc1: warning: command line option "-fno-rtti" is valid for C++/ObjC++ but not for C
configure:7390: $? = 0
configure:7403: result: no
configure:7423: checking for gcc option to produce PIC
configure:7695: result: -fno-common -DPIC
configure:7707: checking if gcc PIC flag -fno-common -DPIC works
configure:7725: gcc -c -g -O2  -fno-common -DPIC -DPIC conftest.c >&5
configure:7729: $? = 0
configure:7742: result: yes
configure:7766: checking if gcc static flag -static works
configure:7794: result: no
configure:7809: checking if gcc supports -c -o file.o
configure:7830: gcc -c -g -O2  -o out/conftest2.o conftest.c >&5
configure:7834: $? = 0
configure:7856: result: yes
configure:7864: checking if gcc supports -c -o file.o
configure:7911: result: yes
configure:7944: checking whether the gcc linker (/usr/llvm-gcc-4.2/libexec/gcc/i686-apple-darwin11/4.2.1/ld) supports shared libraries
configure:9019: result: yes
configure:9258: checking dynamic linker characteristics
configure:9953: result: darwin11.3.0 dyld
configure:10055: checking how to hardcode library paths into programs
configure:10080: result: immediate
configure:10913: checking whether stripping libraries is possible
configure:10927: result: yes
configure:10953: checking if libtool supports shared libraries
configure:10955: result: yes
configure:10958: checking whether to build shared libraries
configure:10979: result: yes
configure:10982: checking whether to build static libraries
configure:10986: result: yes
configure:11154: creating ./config.status

## ---------------------- ##
## Running config.status. ##
## ---------------------- ##

This file was extended by libtpl config.status 1.4, which was
generated by GNU Autoconf 2.63.  Invocation command line was

  CONFIG_FILES    = 
  CONFIG_HEADERS  = 
  CONFIG_LINKS    = 
  CONFIG_COMMANDS = 
  $ ./config.status 

on plukevdh-air.local

config.status:980: creating src/win/Makefile
config.status:980: creating src/Makefile
config.status:980: creating Makefile
config.status:980: creating config/config.h
config.status:1254: executing depfiles commands
config.status:1254: executing libtool commands

## ---------------- ##
## Cache variables. ##
## ---------------- ##

ac_cv_build=i386-apple-darwin11.3.0
ac_cv_c_compiler_gnu=yes
ac_cv_env_CC_set=
ac_cv_env_CC_value=
ac_cv_env_CFLAGS_set=
ac_cv_env_CFLAGS_value=
ac_cv_env_CPPFLAGS_set=
ac_cv_env_CPPFLAGS_value=
ac_cv_env_CPP_set=
ac_cv_env_CPP_value=
ac_cv_env_LDFLAGS_set=
ac_cv_env_LDFLAGS_value=
ac_cv_env_LIBS_set=
ac_cv_env_LIBS_value=
ac_cv_env_build_alias_set=
ac_cv_env_build_alias_value=
ac_cv_env_host_alias_set=
ac_cv_env_host_alias_value=
ac_cv_env_target_alias_set=
ac_cv_env_target_alias_value=
ac_cv_header_dlfcn_h=yes
ac_cv_header_inttypes_h=yes
ac_cv_header_memory_h=yes
ac_cv_header_stdc=yes
ac_cv_header_stdint_h=yes
ac_cv_header_stdlib_h=yes
ac_cv_header_string_h=yes
ac_cv_header_strings_h=yes
ac_cv_header_sys_stat_h=yes
ac_cv_header_sys_types_h=yes
ac_cv_header_unistd_h=yes
ac_cv_host=i386-apple-darwin11.3.0
ac_cv_objext=o
ac_cv_path_EGREP='/usr/bin/grep -E'
ac_cv_path_FGREP='/usr/bin/grep -F'
ac_cv_path_GREP=/usr/bin/grep
ac_cv_path_SED=/usr/bin/sed
ac_cv_path_install='/usr/bin/install -c'
ac_cv_prog_AWK=awk
ac_cv_prog_CPP='gcc -E'
ac_cv_prog_ac_ct_AR=ar
ac_cv_prog_ac_ct_CC=gcc
ac_cv_prog_ac_ct_DSYMUTIL=dsymutil
ac_cv_prog_ac_ct_LIPO=lipo
ac_cv_prog_ac_ct_NMEDIT=nmedit
ac_cv_prog_ac_ct_OTOOL=otool
ac_cv_prog_ac_ct_RANLIB=ranlib
ac_cv_prog_ac_ct_STRIP=strip
ac_cv_prog_cc_c89=
ac_cv_prog_cc_g=yes
ac_cv_prog_make_make_set=yes
am_cv_CC_dependencies_compiler_type=gcc3
lt_cv_apple_cc_single_mod=yes
lt_cv_deplibs_check_method=pass_all
lt_cv_file_magic_cmd='$MAGIC_CMD'
lt_cv_file_magic_test_file=
lt_cv_ld_exported_symbols_list=yes
lt_cv_ld_reload_flag=-r
lt_cv_nm_interface='BSD nm'
lt_cv_objdir=.libs
lt_cv_path_LD=/usr/llvm-gcc-4.2/libexec/gcc/i686-apple-darwin11/4.2.1/ld
lt_cv_path_NM=/usr/bin/nm
lt_cv_prog_compiler_c_o=yes
lt_cv_prog_compiler_pic_works=yes
lt_cv_prog_compiler_rtti_exceptions=no
lt_cv_prog_compiler_static_works=no
lt_cv_prog_gnu_ld=no
lt_cv_sys_global_symbol_pipe='sed -n -e '\''s/^.*[	 ]\([BCDEGRST][BCDEGRST]*\)[	 ][	 ]*_\([_A-Za-z][_A-Za-z0-9]*\)$/\1 _\2 \2/p'\'''
lt_cv_sys_global_symbol_to_c_name_address='sed -n -e '\''s/^: \([^ ]*\) $/  {\"\1\", (void *) 0},/p'\'' -e '\''s/^[BCDEGRST]* \([^ ]*\) \([^ ]*\)$/  {"\2", (void *) \&\2},/p'\'''
lt_cv_sys_global_symbol_to_c_name_address_lib_prefix='sed -n -e '\''s/^: \([^ ]*\) $/  {\"\1\", (void *) 0},/p'\'' -e '\''s/^[BCDEGRST]* \([^ ]*\) \(lib[^ ]*\)$/  {"\2", (void *) \&\2},/p'\'' -e '\''s/^[BCDEGRST]* \([^ ]*\) \([^ ]*\)$/  {"lib\2", (void *) \&\2},/p'\'''
lt_cv_sys_global_symbol_to_cdecl='sed -n -e '\''s/^T .* \(.*\)$/extern int \1();/p'\'' -e '\''s/^[BCDEGRST]* .* \(.*\)$/extern char \1;/p'\'''
lt_cv_sys_max_cmd_len=196608

## ----------------- ##
## Output variables. ##
## ----------------- ##

ACLOCAL='${SHELL} /Users/hungerandthirst/Code/Projects/crunchy/throwaway/bytestream/libtpl-1.5/config/missing --run aclocal-1.10'
AMDEPBACKSLASH='\'
AMDEP_FALSE='#'
AMDEP_TRUE=''
AMTAR='${SHELL} /Users/hungerandthirst/Code/Projects/crunchy/throwaway/bytestream/libtpl-1.5/config/missing --run tar'
AR='ar'
AUTOCONF='${SHELL} /Users/hungerandthirst/Code/Projects/crunchy/throwaway/bytestream/libtpl-1.5/config/missing --run autoconf'
AUTOHEADER='${SHELL} /Users/hungerandthirst/Code/Projects/crunchy/throwaway/bytestream/libtpl-1.5/config/missing --run autoheader'
AUTOMAKE='${SHELL} /Users/hungerandthirst/Code/Projects/crunchy/throwaway/bytestream/libtpl-1.5/config/missing --run automake-1.10'
AWK='awk'
CC='gcc'
CCDEPMODE='depmode=gcc3'
CFLAGS='-g -O2'
CPP='gcc -E'
CPPFLAGS=''
CYGPATH_W='echo'
DEFS='-DHAVE_CONFIG_H'
DEPDIR='.deps'
DSYMUTIL='dsymutil'
DUMPBIN=''
ECHO_C='\c'
ECHO_N=''
ECHO_T=''
EGREP='/usr/bin/grep -E'
EXEEXT=''
FGREP='/usr/bin/grep -F'
GREP='/usr/bin/grep'
INSTALL_DATA='${INSTALL} -m 644'
INSTALL_PROGRAM='${INSTALL}'
INSTALL_SCRIPT='${INSTALL}'
INSTALL_STRIP_PROGRAM='$(install_sh) -c -s'
LD='/usr/llvm-gcc-4.2/libexec/gcc/i686-apple-darwin11/4.2.1/ld'
LDFLAGS=''
LIBOBJS=''
LIBS=''
LIBTOOL='$(SHELL) $(top_builddir)/libtool'
LIPO='lipo'
LN_S='ln -s'
LTLIBOBJS=''
MAKEINFO='${SHELL} /Users/hungerandthirst/Code/Projects/crunchy/throwaway/bytestream/libtpl-1.5/config/missing --run makeinfo'
MKDIR_P='config/install-sh -c -d'
NM='/usr/bin/nm'
NMEDIT='nmedit'
OBJDUMP='false'
OBJEXT='o'
OTOOL64=':'
OTOOL='otool'
PACKAGE='libtpl'
PACKAGE_BUGREPORT='thanson@users.sourceforge.net'
PACKAGE_NAME='libtpl'
PACKAGE_STRING='libtpl 1.4'
PACKAGE_TARNAME='libtpl'
PACKAGE_VERSION='1.4'
PATH_SEPARATOR=':'
RANLIB='ranlib'
SED='/usr/bin/sed'
SET_MAKE=''
SHELL='/bin/sh'
STRIP='strip'
VERSION='1.4'
ac_ct_CC='gcc'
ac_ct_DUMPBIN=''
am__fastdepCC_FALSE='#'
am__fastdepCC_TRUE=''
am__include='include'
am__isrc=''
am__leading_dot='.'
am__quote=''
am__tar='${AMTAR} chof - "$$tardir"'
am__untar='${AMTAR} xf -'
bindir='${exec_prefix}/bin'
build='i386-apple-darwin11.3.0'
build_alias=''
build_cpu='i386'
build_os='darwin11.3.0'
build_vendor='apple'
datadir='${datarootdir}'
datarootdir='${prefix}/share'
docdir='${datarootdir}/doc/${PACKAGE_TARNAME}'
dvidir='${docdir}'
exec_prefix='${prefix}'
host='i386-apple-darwin11.3.0'
host_alias=''
host_cpu='i386'
host_os='darwin11.3.0'
host_vendor='apple'
htmldir='${docdir}'
includedir='${prefix}/include'
infodir='${datarootdir}/info'
install_sh='$(SHELL) /Users/hungerandthirst/Code/Projects/crunchy/throwaway/bytestream/libtpl-1.5/config/install-sh'
libdir='${exec_prefix}/lib'
libexecdir='${exec_prefix}/libexec'
localedir='${datarootdir}/locale'
localstatedir='${prefix}/var'
lt_ECHO='/bin/echo'
mandir='${datarootdir}/man'
mkdir_p='$(top_builddir)/config/install-sh -c -d'
oldincludedir='/usr/include'
pdfdir='${docdir}'
prefix='/usr/local'
program_transform_name='s,x,x,'
psdir='${docdir}'
sbindir='${exec_prefix}/sbin'
sharedstatedir='${prefix}/com'
sysconfdir='${prefix}/etc'
target_alias=''

## ----------- ##
## confdefs.h. ##
## ----------- ##

#define PACKAGE_NAME "libtpl"
#define PACKAGE_TARNAME "libtpl"
#define PACKAGE_VERSION "1.4"
#define PACKAGE_STRING "libtpl 1.4"
#define PACKAGE_BUGREPORT "thanson@users.sourceforge.net"
#define PACKAGE "libtpl"
#define VERSION "1.4"
#define STDC_HEADERS 1
#define HAVE_SYS_TYPES_H 1
#define HAVE_SYS_STAT_H 1
#define HAVE_STDLIB_H 1
#define HAVE_STRING_H 1
#define HAVE_MEMORY_H 1
#define HAVE_STRINGS_H 1
#define HAVE_INTTYPES_H 1
#define HAVE_STDINT_H 1
#define HAVE_UNISTD_H 1
#define HAVE_DLFCN_H 1
#define LT_OBJDIR ".libs/"

configure: exit 0
